\BOOKMARK [0][-]{chapter.1}{绪 论}{}% 1
\BOOKMARK [1][-]{section.1.1}{课程设计的基本要求}{chapter.1}% 2
\BOOKMARK [1][-]{section.1.2}{课程设计的工作}{chapter.1}% 3
\BOOKMARK [1][-]{section.1.3}{报告的结构安排}{chapter.1}% 4
\BOOKMARK [0][-]{chapter.2}{Epoll的原理与应用}{}% 5
\BOOKMARK [1][-]{section.2.1}{Epoll的优点}{chapter.2}% 6
\BOOKMARK [1][-]{section.2.2}{Epoll的实现原理}{chapter.2}% 7
\BOOKMARK [1][-]{section.2.3}{Epoll的基本使用方法}{chapter.2}% 8
\BOOKMARK [2][-]{subsection.2.3.1}{epoll_create}{section.2.3}% 9
\BOOKMARK [2][-]{subsection.2.3.2}{epoll_ctl}{section.2.3}% 10
\BOOKMARK [2][-]{subsection.2.3.3}{epoll_wait}{section.2.3}% 11
\BOOKMARK [1][-]{section.2.4}{Epoll的实现}{chapter.2}% 12
\BOOKMARK [1][-]{section.2.5}{本章小结}{chapter.2}% 13
\BOOKMARK [0][-]{chapter.3}{线程池与Cache}{}% 14
\BOOKMARK [1][-]{section.3.1}{使用线程池的目的}{chapter.3}% 15
\BOOKMARK [1][-]{section.3.2}{线程池的实现原理}{chapter.3}% 16
\BOOKMARK [1][-]{section.3.3}{线程池的实现}{chapter.3}% 17
\BOOKMARK [1][-]{section.3.4}{Cache类的原理与实现}{chapter.3}% 18
\BOOKMARK [1][-]{section.3.5}{本章小结}{chapter.3}% 19
\BOOKMARK [0][-]{chapter.4}{HTTP请求的处理}{}% 20
\BOOKMARK [1][-]{section.4.1}{HTTP协议}{chapter.4}% 21
\BOOKMARK [1][-]{section.4.2}{HTTP报文的格式定义}{chapter.4}% 22
\BOOKMARK [2][-]{subsection.4.2.1}{请求报文}{section.4.2}% 23
\BOOKMARK [2][-]{subsection.4.2.2}{响应报文}{section.4.2}% 24
\BOOKMARK [1][-]{section.4.3}{HTTP请求的处理}{chapter.4}% 25
\BOOKMARK [1][-]{section.4.4}{本章小结}{chapter.4}% 26
\BOOKMARK [0][-]{chapter.5}{全文总结与展望}{}% 27
\BOOKMARK [1][-]{section.5.1}{全文总结}{chapter.5}% 28
\BOOKMARK [1][-]{section.5.2}{后续工作展望}{chapter.5}% 29
\BOOKMARK [0][-]{chapter*.9}{致 谢}{}% 30
\BOOKMARK [0][-]{chapter*.10}{参考文献}{}% 31
\BOOKMARK [0][-]{chapter*.11}{附录}{}% 32
